07-07-2020 11:23:47.395 [main] INFO 
				c.p.s.MySqlProjectApplication.logStarting - Starting MySqlProjectApplication on DESKTOP-GVTCLBT with PID 15648 (C:\Users\josed\OneDrive\Documentos\Trabajo Interno\WorkspaceSpringPruebas\MySQLProject\target\classes started by josed in C:\Users\josed\OneDrive\Documentos\Trabajo Interno\WorkspaceSpringPruebas\MySQLProject)
07-07-2020 11:23:47.398 [main] INFO 
				c.p.s.MySqlProjectApplication.logStartupProfileInfo - The following profiles are active: development
07-07-2020 11:23:48.034 [main] INFO 
				o.s.d.r.c.RepositoryConfigurationDelegate.registerRepositoriesIn - Bootstrapping Spring Data JPA repositories in DEFERRED mode.
07-07-2020 11:23:48.076 [main] INFO 
				o.s.d.r.c.RepositoryConfigurationDelegate.registerRepositoriesIn - Finished Spring Data repository scanning in 35ms. Found 1 JPA repository interfaces.
07-07-2020 11:23:48.404 [main] INFO 
				o.s.b.w.e.tomcat.TomcatWebServer.initialize - Tomcat initialized with port(s): 4040 (http)
07-07-2020 11:23:48.409 [main] INFO 
				o.a.coyote.http11.Http11NioProtocol.log - Initializing ProtocolHandler ["http-nio-4040"]
07-07-2020 11:23:48.410 [main] INFO 
				o.a.catalina.core.StandardService.log - Starting service [Tomcat]
07-07-2020 11:23:48.410 [main] INFO 
				o.a.catalina.core.StandardEngine.log - Starting Servlet engine: [Apache Tomcat/9.0.36]
07-07-2020 11:23:48.492 [main] INFO 
				o.a.c.c.C.[Tomcat].[localhost].[/].log - Initializing Spring embedded WebApplicationContext
07-07-2020 11:23:48.493 [main] INFO 
				o.s.b.w.s.c.ServletWebServerApplicationContext.prepareWebApplicationContext - Root WebApplicationContext: initialization completed in 1067 ms
07-07-2020 11:23:48.662 [main] INFO 
				o.s.s.c.ThreadPoolTaskExecutor.initialize - Initializing ExecutorService 'applicationTaskExecutor'
07-07-2020 11:23:48.688 [task-1] INFO 
				o.h.jpa.internal.util.LogHelper.logPersistenceUnitInformation - HHH000204: Processing PersistenceUnitInfo [name: default]
07-07-2020 11:23:48.710 [main] WARN 
				o.s.b.a.o.j.JpaBaseConfiguration$JpaWebConfiguration.openEntityManagerInViewInterceptor - spring.jpa.open-in-view is enabled by default. Therefore, database queries may be performed during view rendering. Explicitly configure spring.jpa.open-in-view to disable this warning
07-07-2020 11:23:48.721 [task-1] INFO 
				org.hibernate.Version.logVersion - HHH000412: Hibernate ORM core version 5.4.17.Final
07-07-2020 11:23:48.806 [task-1] INFO 
				o.h.annotations.common.Version.<clinit> - HCANN000001: Hibernate Commons Annotations {5.1.0.Final}
07-07-2020 11:23:48.876 [task-1] INFO 
				com.zaxxer.hikari.HikariDataSource.getConnection - HikariPool-1 - Starting...
07-07-2020 11:23:49.113 [task-1] INFO 
				com.zaxxer.hikari.HikariDataSource.getConnection - HikariPool-1 - Start completed.
07-07-2020 11:23:49.126 [task-1] INFO 
				org.hibernate.dialect.Dialect.<init> - HHH000400: Using dialect: org.hibernate.dialect.MySQL8Dialect
07-07-2020 11:23:49.605 [task-1] INFO 
				o.h.e.t.j.p.i.JtaPlatformInitiator.initiateService - HHH000490: Using JtaPlatform implementation: [org.hibernate.engine.transaction.jta.platform.internal.NoJtaPlatform]
07-07-2020 11:23:49.610 [task-1] INFO 
				o.s.o.j.LocalContainerEntityManagerFactoryBean.buildNativeEntityManagerFactory - Initialized JPA EntityManagerFactory for persistence unit 'default'
07-07-2020 11:23:49.667 [main] INFO 
				o.s.b.a.e.web.EndpointLinksResolver.<init> - Exposing 2 endpoint(s) beneath base path '/actuator'
07-07-2020 11:23:49.687 [main] INFO 
				o.a.coyote.http11.Http11NioProtocol.log - Starting ProtocolHandler ["http-nio-4040"]
07-07-2020 11:23:49.696 [main] WARN 
				o.s.b.w.s.c.AnnotationConfigServletWebServerApplicationContext.refresh - Exception encountered during context initialization - cancelling refresh attempt: org.springframework.context.ApplicationContextException: Failed to start bean 'webServerStartStop'; nested exception is org.springframework.boot.web.server.PortInUseException: Port 4040 is already in use
07-07-2020 11:23:49.697 [main] WARN 
				o.s.b.f.s.DisposableBeanAdapter.destroy - Invocation of destroy method failed on bean with name 'tomcatMetricsBinder': java.lang.NullPointerException
07-07-2020 11:23:49.698 [main] INFO 
				o.s.o.j.LocalContainerEntityManagerFactoryBean.destroy - Closing JPA EntityManagerFactory for persistence unit 'default'
07-07-2020 11:23:49.700 [main] INFO 
				o.s.s.c.ThreadPoolTaskExecutor.shutdown - Shutting down ExecutorService 'applicationTaskExecutor'
07-07-2020 11:23:49.701 [main] INFO 
				com.zaxxer.hikari.HikariDataSource.close - HikariPool-1 - Shutdown initiated...
07-07-2020 11:23:49.712 [main] INFO 
				com.zaxxer.hikari.HikariDataSource.close - HikariPool-1 - Shutdown completed.
07-07-2020 11:23:49.713 [main] INFO 
				o.a.coyote.http11.Http11NioProtocol.log - Pausing ProtocolHandler ["http-nio-4040"]
07-07-2020 11:23:49.714 [main] INFO 
				o.a.catalina.core.StandardService.log - Stopping service [Tomcat]
07-07-2020 11:23:49.717 [main] INFO 
				o.a.coyote.http11.Http11NioProtocol.log - Stopping ProtocolHandler ["http-nio-4040"]
07-07-2020 11:23:49.717 [main] INFO 
				o.a.coyote.http11.Http11NioProtocol.log - Destroying ProtocolHandler ["http-nio-4040"]
07-07-2020 11:23:49.725 [main] INFO 
				o.s.b.a.l.ConditionEvaluationReportLoggingListener.logMessage - 

Error starting ApplicationContext. To display the conditions report re-run your application with 'debug' enabled.
07-07-2020 11:23:49.728 [main] ERROR
				o.s.b.d.LoggingFailureAnalysisReporter.report - 

***************************
APPLICATION FAILED TO START
***************************

Description:

Web server failed to start. Port 4040 was already in use.

Action:

Identify and stop the process that's listening on port 4040 or configure this application to listen on another port.

07-07-2020 11:24:06.904 [main] INFO 
				c.p.s.MySqlProjectApplication.logStarting - Starting MySqlProjectApplication on DESKTOP-GVTCLBT with PID 12784 (C:\Users\josed\OneDrive\Documentos\Trabajo Interno\WorkspaceSpringPruebas\MySQLProject\target\classes started by josed in C:\Users\josed\OneDrive\Documentos\Trabajo Interno\WorkspaceSpringPruebas\MySQLProject)
07-07-2020 11:24:06.906 [main] INFO 
				c.p.s.MySqlProjectApplication.logStartupProfileInfo - The following profiles are active: development
07-07-2020 11:24:07.573 [main] INFO 
				o.s.d.r.c.RepositoryConfigurationDelegate.registerRepositoriesIn - Bootstrapping Spring Data JPA repositories in DEFERRED mode.
07-07-2020 11:24:07.619 [main] INFO 
				o.s.d.r.c.RepositoryConfigurationDelegate.registerRepositoriesIn - Finished Spring Data repository scanning in 35ms. Found 1 JPA repository interfaces.
07-07-2020 11:24:07.953 [main] INFO 
				o.s.b.w.e.tomcat.TomcatWebServer.initialize - Tomcat initialized with port(s): 4040 (http)
07-07-2020 11:24:07.959 [main] INFO 
				o.a.coyote.http11.Http11NioProtocol.log - Initializing ProtocolHandler ["http-nio-4040"]
07-07-2020 11:24:07.959 [main] INFO 
				o.a.catalina.core.StandardService.log - Starting service [Tomcat]
07-07-2020 11:24:07.959 [main] INFO 
				o.a.catalina.core.StandardEngine.log - Starting Servlet engine: [Apache Tomcat/9.0.36]
07-07-2020 11:24:08.042 [main] INFO 
				o.a.c.c.C.[Tomcat].[localhost].[/].log - Initializing Spring embedded WebApplicationContext
07-07-2020 11:24:08.042 [main] INFO 
				o.s.b.w.s.c.ServletWebServerApplicationContext.prepareWebApplicationContext - Root WebApplicationContext: initialization completed in 1110 ms
07-07-2020 11:24:08.213 [main] INFO 
				o.s.s.c.ThreadPoolTaskExecutor.initialize - Initializing ExecutorService 'applicationTaskExecutor'
07-07-2020 11:24:08.239 [task-1] INFO 
				o.h.jpa.internal.util.LogHelper.logPersistenceUnitInformation - HHH000204: Processing PersistenceUnitInfo [name: default]
07-07-2020 11:24:08.261 [main] WARN 
				o.s.b.a.o.j.JpaBaseConfiguration$JpaWebConfiguration.openEntityManagerInViewInterceptor - spring.jpa.open-in-view is enabled by default. Therefore, database queries may be performed during view rendering. Explicitly configure spring.jpa.open-in-view to disable this warning
07-07-2020 11:24:08.271 [task-1] INFO 
				org.hibernate.Version.logVersion - HHH000412: Hibernate ORM core version 5.4.17.Final
07-07-2020 11:24:08.357 [task-1] INFO 
				o.h.annotations.common.Version.<clinit> - HCANN000001: Hibernate Commons Annotations {5.1.0.Final}
07-07-2020 11:24:08.423 [task-1] INFO 
				com.zaxxer.hikari.HikariDataSource.getConnection - HikariPool-1 - Starting...
07-07-2020 11:24:08.654 [task-1] INFO 
				com.zaxxer.hikari.HikariDataSource.getConnection - HikariPool-1 - Start completed.
07-07-2020 11:24:08.667 [task-1] INFO 
				org.hibernate.dialect.Dialect.<init> - HHH000400: Using dialect: org.hibernate.dialect.MySQL8Dialect
07-07-2020 11:24:09.138 [task-1] INFO 
				o.h.e.t.j.p.i.JtaPlatformInitiator.initiateService - HHH000490: Using JtaPlatform implementation: [org.hibernate.engine.transaction.jta.platform.internal.NoJtaPlatform]
07-07-2020 11:24:09.143 [task-1] INFO 
				o.s.o.j.LocalContainerEntityManagerFactoryBean.buildNativeEntityManagerFactory - Initialized JPA EntityManagerFactory for persistence unit 'default'
07-07-2020 11:24:09.177 [main] INFO 
				o.s.b.a.e.web.EndpointLinksResolver.<init> - Exposing 2 endpoint(s) beneath base path '/actuator'
07-07-2020 11:24:09.198 [main] INFO 
				o.a.coyote.http11.Http11NioProtocol.log - Starting ProtocolHandler ["http-nio-4040"]
07-07-2020 11:24:09.213 [main] INFO 
				o.s.b.w.e.tomcat.TomcatWebServer.start - Tomcat started on port(s): 4040 (http) with context path ''
07-07-2020 11:24:09.226 [main] INFO 
				o.s.d.r.c.DeferredRepositoryInitializationListener.onApplicationEvent - Triggering deferred initialization of Spring Data repositories…
07-07-2020 11:24:09.350 [main] INFO 
				o.s.d.r.c.DeferredRepositoryInitializationListener.onApplicationEvent - Spring Data repositories initialized!
07-07-2020 11:24:09.360 [main] INFO 
				c.p.s.MySqlProjectApplication.logStarted - Started MySqlProjectApplication in 2.709 seconds (JVM running for 3.399)
07-07-2020 11:24:09.711 [RMI TCP Connection(1)-127.0.0.1] INFO 
				o.a.c.c.C.[Tomcat].[localhost].[/].log - Initializing Spring DispatcherServlet 'dispatcherServlet'
07-07-2020 11:24:09.712 [RMI TCP Connection(1)-127.0.0.1] INFO 
				o.s.web.servlet.DispatcherServlet.initServletBean - Initializing Servlet 'dispatcherServlet'
07-07-2020 11:24:09.719 [RMI TCP Connection(1)-127.0.0.1] INFO 
				o.s.web.servlet.DispatcherServlet.initServletBean - Completed initialization in 7 ms
07-07-2020 11:24:23.492 [http-nio-4040-exec-2] INFO 
				c.p.s.controller.UserController.createUser - Creating new user
07-07-2020 11:24:23.492 [http-nio-4040-exec-2] WARN 
				c.p.s.controller.UserController.createUser - Creating new user warning
07-07-2020 11:24:23.492 [http-nio-4040-exec-2] ERROR
				c.p.s.controller.UserController.createUser - Creating new user error
07-07-2020 11:28:32.073 [RMI TCP Connection(15)-127.0.0.1] INFO 
				o.s.b.a.SpringApplicationAdminMXBeanRegistrar$SpringApplicationAdmin.shutdown - Application shutdown requested.
07-07-2020 11:28:32.286 [RMI TCP Connection(15)-127.0.0.1] INFO 
				o.s.o.j.LocalContainerEntityManagerFactoryBean.destroy - Closing JPA EntityManagerFactory for persistence unit 'default'
07-07-2020 11:28:32.287 [RMI TCP Connection(15)-127.0.0.1] INFO 
				o.s.s.c.ThreadPoolTaskExecutor.shutdown - Shutting down ExecutorService 'applicationTaskExecutor'
07-07-2020 11:28:32.288 [RMI TCP Connection(15)-127.0.0.1] INFO 
				com.zaxxer.hikari.HikariDataSource.close - HikariPool-1 - Shutdown initiated...
07-07-2020 11:28:32.298 [RMI TCP Connection(15)-127.0.0.1] INFO 
				com.zaxxer.hikari.HikariDataSource.close - HikariPool-1 - Shutdown completed.
